<?xml version="1.0" encoding="UTF-8"?>
<!-- Generated by org.testng.reporters.JUnitReportReporter -->
<testsuite skipped="0" hostname="Mandeeps-MacBook-Air.local" name="com.att.cdaAutomation.UMAtest.UMA_ChanLine_CRM" tests="4" failures="0" timestamp="19 Sep 2018 18:01:54 GMT" time="35.527" errors="0">
  <testcase name="VerifyTextBelowHeading" time="21.048" classname="com.att.cdaAutomation.UMAtest.UMA_ChanLine_CRM"/>
  <testcase name="VerifyZIPCodeInTextBox" time="0.042" classname="com.att.cdaAutomation.UMAtest.UMA_ChanLine_CRM"/>
  <testcase name="VerifyTextBelowFields" time="0.037" classname="com.att.cdaAutomation.UMAtest.UMA_ChanLine_CRM"/>
  <testcase name="VerifySearchFunctionality" time="14.400" classname="com.att.cdaAutomation.UMAtest.UMA_ChanLine_CRM"/>
</testsuite> <!-- com.att.cdaAutomation.UMAtest.UMA_ChanLine_CRM -->
