<?xml version="1.0" encoding="UTF-8"?>
<!-- Generated by org.testng.reporters.JUnitReportReporter -->
<testsuite skipped="0" hostname="Mandeeps-MacBook-Air.local" name="com.att.cdaAutomation.UMAtest.UMA_ChanLine_CRM" tests="4" failures="0" timestamp="25 Sep 2018 00:23:05 GMT" time="39.752" errors="0">
  <testcase name="VerifyTextBelowHeading" time="22.764" classname="com.att.cdaAutomation.UMAtest.UMA_ChanLine_CRM"/>
  <testcase name="VerifyZIPCodeInTextBox" time="0.054" classname="com.att.cdaAutomation.UMAtest.UMA_ChanLine_CRM"/>
  <testcase name="VerifyTextBelowFields" time="0.037" classname="com.att.cdaAutomation.UMAtest.UMA_ChanLine_CRM"/>
  <testcase name="VerifySearchFunctionality" time="16.897" classname="com.att.cdaAutomation.UMAtest.UMA_ChanLine_CRM"/>
</testsuite> <!-- com.att.cdaAutomation.UMAtest.UMA_ChanLine_CRM -->
