<?xml version="1.0" encoding="UTF-8"?>
<!-- Generated by org.testng.reporters.JUnitReportReporter -->
<testsuite skipped="0" hostname="Mandeeps-MacBook-Air.local" name="com.att.cdaAutomation.UMAtest.UMA_ChanLine_CRM" tests="4" failures="0" timestamp="20 Sep 2018 16:12:49 GMT" time="31.261" errors="0">
  <testcase name="VerifyTextBelowHeading" time="18.924" classname="com.att.cdaAutomation.UMAtest.UMA_ChanLine_CRM"/>
  <testcase name="VerifyZIPCodeInTextBox" time="0.042" classname="com.att.cdaAutomation.UMAtest.UMA_ChanLine_CRM"/>
  <testcase name="VerifyTextBelowFields" time="0.022" classname="com.att.cdaAutomation.UMAtest.UMA_ChanLine_CRM"/>
  <testcase name="VerifySearchFunctionality" time="12.273" classname="com.att.cdaAutomation.UMAtest.UMA_ChanLine_CRM"/>
</testsuite> <!-- com.att.cdaAutomation.UMAtest.UMA_ChanLine_CRM -->
